Temp/gradleOut/unityLibrary/build/intermediates/manifest_merge_blame_file/debug/manifest-merger-blame-debug-report.txt
1<?xml version="1.0" encoding="utf-8"?>
2<manifest xmlns:android="http://schemas.android.com/apk/res/android"
3    xmlns:tools="http://schemas.android.com/tools"
4    package="com.unity3d.player"
5    android:installLocation="preferExternal"
6    android:versionCode="1"
7    android:versionName="1.0" >
8
9    <uses-sdk
10        android:minSdkVersion="24"
10-->src\main\AndroidManifest.xml
11        android:targetSdkVersion="29" />
11-->src\main\AndroidManifest.xml
12
13    <supports-screens
13-->src\main\AndroidManifest.xml:3:3-163
14        android:anyDensity="true"
14-->src\main\AndroidManifest.xml:3:135-160
15        android:largeScreens="true"
15-->src\main\AndroidManifest.xml:3:78-105
16        android:normalScreens="true"
16-->src\main\AndroidManifest.xml:3:49-77
17        android:smallScreens="true"
17-->src\main\AndroidManifest.xml:3:21-48
18        android:xlargeScreens="true" />
18-->src\main\AndroidManifest.xml:3:106-134
19
20    <uses-feature android:glEsVersion="0x00030000" />
20-->src\main\AndroidManifest.xml:25:3-52
20-->src\main\AndroidManifest.xml:25:17-49
21
22    <uses-permission android:name="android.permission.CAMERA" />
22-->src\main\AndroidManifest.xml:26:3-63
22-->src\main\AndroidManifest.xml:26:20-60
23    <uses-permission android:name="android.permission.INTERNET" />
23-->src\main\AndroidManifest.xml:27:3-65
23-->src\main\AndroidManifest.xml:27:20-62
24    <!--
25     Limits app visibility in the Google Play Store to ARCore supported devices
26     (https://developers.google.com/ar/devices).
27    -->
28    <uses-feature
28-->src\main\AndroidManifest.xml:30:3-85
29        android:name="android.hardware.camera.ar"
29-->src\main\AndroidManifest.xml:30:17-58
30        android:required="true" />
30-->src\main\AndroidManifest.xml:30:59-82
31    <uses-feature
31-->src\main\AndroidManifest.xml:31:3-88
32        android:name="android.hardware.touchscreen"
32-->src\main\AndroidManifest.xml:31:17-60
33        android:required="false" />
33-->src\main\AndroidManifest.xml:31:61-85
34    <uses-feature
34-->src\main\AndroidManifest.xml:32:3-99
35        android:name="android.hardware.touchscreen.multitouch"
35-->src\main\AndroidManifest.xml:32:17-71
36        android:required="false" />
36-->src\main\AndroidManifest.xml:32:72-96
37    <uses-feature
37-->src\main\AndroidManifest.xml:33:3-108
38        android:name="android.hardware.touchscreen.multitouch.distinct"
38-->src\main\AndroidManifest.xml:33:17-80
39        android:required="false" />
39-->src\main\AndroidManifest.xml:33:81-105
40    <uses-feature android:name="com.google.ar.core.depth" />
40-->src\main\AndroidManifest.xml:34:3-59
40-->src\main\AndroidManifest.xml:34:17-56
41
42    <uses-permission android:name="android.permission.CHANGE_WIFI_MULTICAST_STATE" />
42-->src\main\AndroidManifest.xml:35:3-84
42-->src\main\AndroidManifest.xml:35:20-81
43
44    <application
44-->src\main\AndroidManifest.xml:4:3-24:17
45        android:icon="@mipmap/app_icon"
45-->src\main\AndroidManifest.xml:4:58-89
46        android:label="@string/app_name"
46-->src\main\AndroidManifest.xml:4:90-122
47        android:theme="@style/UnityThemeSelector" >
47-->src\main\AndroidManifest.xml:4:16-57
48        <activity
48-->src\main\AndroidManifest.xml:5:5-12:16
49            android:name="com.unity3d.player.UnityPlayerActivity"
49-->src\main\AndroidManifest.xml:5:15-68
50            android:configChanges="mcc|mnc|locale|touchscreen|keyboard|keyboardHidden|navigation|orientation|screenLayout|uiMode|screenSize|smallestScreenSize|fontScale|layoutDirection|density"
50-->src\main\AndroidManifest.xml:5:197-378
51            android:exported="true"
51-->src\main\AndroidManifest.xml:5:102-125
52            android:hardwareAccelerated="false"
52-->src\main\AndroidManifest.xml:5:379-414
53            android:label="@string/app_name"
53-->src\main\AndroidManifest.xml:5:69-101
54            android:launchMode="singleTask"
54-->src\main\AndroidManifest.xml:5:165-196
55            android:screenOrientation="fullSensor" >
55-->src\main\AndroidManifest.xml:5:126-164
56            <intent-filter>
56-->src\main\AndroidManifest.xml:6:7-9:23
57                <action android:name="android.intent.action.MAIN" />
57-->src\main\AndroidManifest.xml:7:9-61
57-->src\main\AndroidManifest.xml:7:17-58
58
59                <category android:name="android.intent.category.LAUNCHER" />
59-->src\main\AndroidManifest.xml:8:9-69
59-->src\main\AndroidManifest.xml:8:19-66
60            </intent-filter>
61
62            <meta-data
62-->src\main\AndroidManifest.xml:10:7-82
63                android:name="unityplayer.UnityActivity"
63-->src\main\AndroidManifest.xml:10:18-58
64                android:value="true" />
64-->src\main\AndroidManifest.xml:10:59-79
65            <meta-data
65-->src\main\AndroidManifest.xml:11:7-78
66                android:name="android.notch_support"
66-->src\main\AndroidManifest.xml:11:18-54
67                android:value="true" />
67-->src\main\AndroidManifest.xml:11:55-75
68        </activity>
69        <!--
70       "AR Required" app, requires "Google Play Services for AR" (ARCore)
71       to be installed, as the app does not include any non-AR features.
72        -->
73        <meta-data
73-->src\main\AndroidManifest.xml:15:5-77
74            android:name="com.google.ar.core"
74-->src\main\AndroidManifest.xml:15:16-49
75            android:value="required" />
75-->src\main\AndroidManifest.xml:15:50-74
76        <meta-data
76-->src\main\AndroidManifest.xml:16:5-119
77            android:name="com.google.android.ar.API_KEY"
77-->src\main\AndroidManifest.xml:16:16-60
78            android:value="AIzaSyBcawe53Szp6a7GTcFI1K3vc5bLRL_Wh3Y" />
78-->src\main\AndroidManifest.xml:16:61-116
79        <meta-data
79-->src\main\AndroidManifest.xml:17:5-73
80            android:name="unity.tango-enable"
80-->src\main\AndroidManifest.xml:17:16-49
81            android:value="True" />
81-->src\main\AndroidManifest.xml:17:50-70
82        <meta-data
82-->src\main\AndroidManifest.xml:18:5-88
83            android:name="unityplayer.SkipPermissionsDialog"
83-->src\main\AndroidManifest.xml:18:16-64
84            android:value="true" />
84-->src\main\AndroidManifest.xml:18:65-85
85        <meta-data
85-->src\main\AndroidManifest.xml:19:5-101
86            android:name="unity.build-id"
86-->src\main\AndroidManifest.xml:19:16-45
87            android:value="e644cb5d-246e-4191-a6f6-da36728a8028" />
87-->src\main\AndroidManifest.xml:19:46-98
88        <meta-data
88-->src\main\AndroidManifest.xml:20:5-69
89            android:name="unity.splash-mode"
89-->src\main\AndroidManifest.xml:20:16-48
90            android:value="0" />
90-->src\main\AndroidManifest.xml:20:49-66
91        <meta-data
91-->src\main\AndroidManifest.xml:21:5-74
92            android:name="unity.splash-enable"
92-->src\main\AndroidManifest.xml:21:16-50
93            android:value="True" />
93-->src\main\AndroidManifest.xml:21:51-71
94        <meta-data
94-->src\main\AndroidManifest.xml:22:5-74
95            android:name="unity.arcore-enable"
95-->src\main\AndroidManifest.xml:22:16-50
96            android:value="true" />
96-->src\main\AndroidManifest.xml:22:51-71
97        <meta-data
97-->src\main\AndroidManifest.xml:23:5-81
98            android:name="notch.config"
98-->src\main\AndroidManifest.xml:23:16-43
99            android:value="portrait|landscape" />
99-->src\main\AndroidManifest.xml:23:44-78
100    </application>
101
102</manifest>